<?xml version="1.0" encoding="UTF-8"?>
<testng-results ignored="0" total="1" passed="1" failed="0" skipped="0">
  <reporter-output>
  </reporter-output>
  <suite started-at="2023-08-22T12:52:39 IST" name="Default suite" finished-at="2023-08-22T12:52:44 IST" duration-ms="4675">
    <groups>
    </groups>
    <test started-at="2023-08-22T12:52:39 IST" name="Default test" finished-at="2023-08-22T12:52:44 IST" duration-ms="4675">
      <class name="in.rest.RestAssuredDemo.POST_Request">
        <test-method is-config="true" signature="createPayLoad()[pri:0, instance:in.rest.RestAssuredDemo.POST_Request@1ec9bd38]" started-at="2023-08-22T12:52:39 IST" name="createPayLoad" finished-at="2023-08-22T12:52:40 IST" duration-ms="811" status="PASS">
          <reporter-output>
          </reporter-output>
        </test-method> <!-- createPayLoad -->
        <test-method signature="createResource()[pri:0, instance:in.rest.RestAssuredDemo.POST_Request@1ec9bd38]" started-at="2023-08-22T12:52:40 IST" name="createResource" finished-at="2023-08-22T12:52:44 IST" duration-ms="3711" status="PASS">
          <reporter-output>
          </reporter-output>
        </test-method> <!-- createResource -->
      </class> <!-- in.rest.RestAssuredDemo.POST_Request -->
    </test> <!-- Default test -->
  </suite> <!-- Default suite -->
</testng-results>
